13:50:44.877 [main] INFO  org.test.boot.TestBootApplication - Starting TestBootApplication on Sameer with PID 6396 (C:\Users\Sameer-Oodles\Desktop\springboottest\SpringBoot\SpringBootData\target\classes started by Sameer Oodles in C:\Users\Sameer-Oodles\Desktop\springboottest\SpringBoot\SpringBootData)
13:50:44.980 [main] INFO  o.s.b.c.e.AnnotationConfigEmbeddedWebApplicationContext - Refreshing org.springframework.boot.context.embedded.AnnotationConfigEmbeddedWebApplicationContext@3598262: startup date [Tue Sep 29 13:50:44 IST 2015]; root of context hierarchy
13:50:46.952 [main] INFO  o.s.b.f.s.DefaultListableBeanFactory - Overriding bean definition for bean 'beanNameViewResolver': replacing [Root bean: class [null]; scope=; abstract=false; lazyInit=false; autowireMode=3; dependencyCheck=0; autowireCandidate=true; primary=false; factoryBeanName=org.springframework.boot.autoconfigure.web.ErrorMvcAutoConfiguration$WhitelabelErrorViewConfiguration; factoryMethodName=beanNameViewResolver; initMethodName=null; destroyMethodName=(inferred); defined in class path resource [org/springframework/boot/autoconfigure/web/ErrorMvcAutoConfiguration$WhitelabelErrorViewConfiguration.class]] with [Root bean: class [null]; scope=; abstract=false; lazyInit=false; autowireMode=3; dependencyCheck=0; autowireCandidate=true; primary=false; factoryBeanName=org.springframework.boot.autoconfigure.web.WebMvcAutoConfiguration$WebMvcAutoConfigurationAdapter; factoryMethodName=beanNameViewResolver; initMethodName=null; destroyMethodName=(inferred); defined in class path resource [org/springframework/boot/autoconfigure/web/WebMvcAutoConfiguration$WebMvcAutoConfigurationAdapter.class]]
13:50:47.690 [main] INFO  o.h.validator.internal.util.Version - HV000001: Hibernate Validator 5.1.3.Final
13:50:48.026 [main] INFO  o.s.c.s.PostProcessorRegistrationDelegate$BeanPostProcessorChecker - Bean 'org.springframework.transaction.annotation.ProxyTransactionManagementConfiguration' of type [class org.springframework.transaction.annotation.ProxyTransactionManagementConfiguration$$EnhancerBySpringCGLIB$$84c171eb] is not eligible for getting processed by all BeanPostProcessors (for example: not eligible for auto-proxying)
13:50:48.068 [main] INFO  o.s.c.s.PostProcessorRegistrationDelegate$BeanPostProcessorChecker - Bean 'transactionAttributeSource' of type [class org.springframework.transaction.annotation.AnnotationTransactionAttributeSource] is not eligible for getting processed by all BeanPostProcessors (for example: not eligible for auto-proxying)
13:50:48.068 [main] INFO  o.s.c.s.PostProcessorRegistrationDelegate$BeanPostProcessorChecker - Bean 'transactionInterceptor' of type [class org.springframework.transaction.interceptor.TransactionInterceptor] is not eligible for getting processed by all BeanPostProcessors (for example: not eligible for auto-proxying)
13:50:48.083 [main] INFO  o.s.c.s.PostProcessorRegistrationDelegate$BeanPostProcessorChecker - Bean 'org.springframework.transaction.config.internalTransactionAdvisor' of type [class org.springframework.transaction.interceptor.BeanFactoryTransactionAttributeSourceAdvisor] is not eligible for getting processed by all BeanPostProcessors (for example: not eligible for auto-proxying)
13:50:48.724 [main] INFO  o.s.b.c.e.t.TomcatEmbeddedServletContainer - Tomcat initialized with port(s): 8080 (http)
13:50:49.084 [main] INFO  o.a.catalina.core.StandardService - Starting service Tomcat
13:50:49.088 [main] INFO  o.a.catalina.core.StandardEngine - Starting Servlet Engine: Apache Tomcat/8.0.23
13:50:49.869 [localhost-startStop-1] INFO  org.apache.jasper.servlet.TldScanner - At least one JAR was scanned for TLDs yet contained no TLDs. Enable debug logging for this logger for a complete list of JARs that were scanned but no TLDs were found in them. Skipping unneeded JARs during scanning can improve startup time and JSP compilation time.
13:50:49.884 [localhost-startStop-1] INFO  o.a.c.c.C.[Tomcat].[localhost].[/] - Initializing Spring embedded WebApplicationContext
13:50:49.884 [localhost-startStop-1] INFO  o.s.web.context.ContextLoader - Root WebApplicationContext: initialization completed in 4920 ms
13:50:52.166 [localhost-startStop-1] INFO  o.s.s.web.DefaultSecurityFilterChain - Creating filter chain: org.springframework.security.web.util.matcher.AnyRequestMatcher@1, [org.springframework.security.web.context.request.async.WebAsyncManagerIntegrationFilter@7ee0962, org.springframework.security.web.context.SecurityContextPersistenceFilter@8cb7e08, org.springframework.security.web.header.HeaderWriterFilter@648fa93b, org.springframework.security.web.authentication.logout.LogoutFilter@c86c441, org.springframework.security.web.authentication.UsernamePasswordAuthenticationFilter@6dafda97, org.springframework.security.web.savedrequest.RequestCacheAwareFilter@3df79d8c, org.springframework.security.web.servletapi.SecurityContextHolderAwareRequestFilter@6afbb301, org.springframework.security.web.authentication.rememberme.RememberMeAuthenticationFilter@55c00779, org.springframework.security.web.authentication.AnonymousAuthenticationFilter@1caa04ff, org.springframework.security.web.session.SessionManagementFilter@28a3231f, org.springframework.security.web.access.ExceptionTranslationFilter@703802cb, org.springframework.security.web.access.intercept.FilterSecurityInterceptor@9698f66]
13:50:52.309 [localhost-startStop-1] INFO  o.s.b.c.e.ServletRegistrationBean - Mapping servlet: 'dispatcherServlet' to [/]
13:50:52.324 [localhost-startStop-1] INFO  o.s.b.c.e.FilterRegistrationBean - Mapping filter: 'characterEncodingFilter' to: [/*]
13:50:52.324 [localhost-startStop-1] INFO  o.s.b.c.e.FilterRegistrationBean - Mapping filter: 'hiddenHttpMethodFilter' to: [/*]
13:50:52.324 [localhost-startStop-1] INFO  o.s.b.c.e.FilterRegistrationBean - Mapping filter: 'springSecurityFilterChain' to: [/*]
13:50:52.465 [main] INFO  o.s.j.d.DriverManagerDataSource - Loaded JDBC driver: com.mysql.jdbc.Driver
13:50:52.774 [main] INFO  o.s.o.j.LocalContainerEntityManagerFactoryBean - Building JPA container EntityManagerFactory for persistence unit 'default'
13:50:52.790 [main] INFO  o.h.jpa.internal.util.LogHelper - HHH000204: Processing PersistenceUnitInfo [
	name: default
	...]
13:50:52.946 [main] INFO  org.hibernate.Version - HHH000412: Hibernate Core {4.3.10.Final}
13:50:52.946 [main] INFO  org.hibernate.cfg.Environment - HHH000206: hibernate.properties not found
13:50:52.946 [main] INFO  org.hibernate.cfg.Environment - HHH000021: Bytecode provider name : javassist
13:50:53.290 [main] INFO  o.h.annotations.common.Version - HCANN000001: Hibernate Commons Annotations {4.0.5.Final}
13:50:53.648 [main] INFO  org.hibernate.dialect.Dialect - HHH000400: Using dialect: org.hibernate.dialect.MySQL5Dialect
13:50:53.867 [main] INFO  o.h.h.i.a.ASTQueryTranslatorFactory - HHH000397: Using ASTQueryTranslatorFactory
13:50:54.379 [main] INFO  o.h.tool.hbm2ddl.SchemaUpdate - HHH000228: Running hbm2ddl schema update
13:50:54.379 [main] INFO  o.h.tool.hbm2ddl.SchemaUpdate - HHH000102: Fetching database metadata
13:50:54.392 [main] INFO  o.h.tool.hbm2ddl.SchemaUpdate - HHH000396: Updating schema
13:50:54.439 [main] INFO  o.h.tool.hbm2ddl.TableMetadata - HHH000261: Table found: testdb.department
13:50:54.439 [main] INFO  o.h.tool.hbm2ddl.TableMetadata - HHH000037: Columns: [id, dept_name, version]
13:50:54.439 [main] INFO  o.h.tool.hbm2ddl.TableMetadata - HHH000108: Foreign keys: []
13:50:54.439 [main] INFO  o.h.tool.hbm2ddl.TableMetadata - HHH000126: Indexes: [primary]
13:50:54.457 [main] INFO  o.h.tool.hbm2ddl.TableMetadata - HHH000261: Table found: testdb.person
13:50:54.457 [main] INFO  o.h.tool.hbm2ddl.TableMetadata - HHH000037: Columns: [id, persons_id, address, name]
13:50:54.457 [main] INFO  o.h.tool.hbm2ddl.TableMetadata - HHH000108: Foreign keys: [fk_4bowbf7bosbxwmd71u579km1n]
13:50:54.457 [main] INFO  o.h.tool.hbm2ddl.TableMetadata - HHH000126: Indexes: [fk_4bowbf7bosbxwmd71u579km1n, primary]
13:50:54.457 [main] INFO  o.h.tool.hbm2ddl.SchemaUpdate - HHH000232: Schema update complete
13:50:54.663 [main] INFO  org.hibernate.dialect.Dialect - HHH000400: Using dialect: org.hibernate.dialect.MySQL5Dialect
13:50:54.726 [main] INFO  o.h.e.t.i.TransactionFactoryInitiator - HHH000399: Using default transaction strategy (direct JDBC transactions)
13:50:54.726 [main] INFO  o.h.h.i.a.ASTQueryTranslatorFactory - HHH000397: Using ASTQueryTranslatorFactory
13:50:54.773 [main] INFO  o.h.tool.hbm2ddl.SchemaUpdate - HHH000228: Running hbm2ddl schema update
13:50:54.773 [main] INFO  o.h.tool.hbm2ddl.SchemaUpdate - HHH000102: Fetching database metadata
13:50:54.788 [main] INFO  o.h.tool.hbm2ddl.SchemaUpdate - HHH000396: Updating schema
13:50:54.804 [main] INFO  o.h.tool.hbm2ddl.TableMetadata - HHH000261: Table found: testdb.department
13:50:54.804 [main] INFO  o.h.tool.hbm2ddl.TableMetadata - HHH000037: Columns: [id, dept_name, version]
13:50:54.804 [main] INFO  o.h.tool.hbm2ddl.TableMetadata - HHH000108: Foreign keys: []
13:50:54.804 [main] INFO  o.h.tool.hbm2ddl.TableMetadata - HHH000126: Indexes: [primary]
13:50:54.820 [main] INFO  o.h.tool.hbm2ddl.TableMetadata - HHH000261: Table found: testdb.person
13:50:54.820 [main] INFO  o.h.tool.hbm2ddl.TableMetadata - HHH000037: Columns: [id, persons_id, address, name]
13:50:54.820 [main] INFO  o.h.tool.hbm2ddl.TableMetadata - HHH000108: Foreign keys: [fk_4bowbf7bosbxwmd71u579km1n]
13:50:54.820 [main] INFO  o.h.tool.hbm2ddl.TableMetadata - HHH000126: Indexes: [fk_4bowbf7bosbxwmd71u579km1n, primary]
13:50:54.820 [main] INFO  o.h.tool.hbm2ddl.SchemaUpdate - HHH000232: Schema update complete
13:50:55.559 [main] INFO  o.s.w.s.m.m.a.RequestMappingHandlerAdapter - Looking for @ControllerAdvice: org.springframework.boot.context.embedded.AnnotationConfigEmbeddedWebApplicationContext@3598262: startup date [Tue Sep 29 13:50:44 IST 2015]; root of context hierarchy
13:50:55.791 [main] INFO  o.s.w.s.m.m.a.RequestMappingHandlerMapping - Mapped "{[/hibernate/saveDept],methods=[GET]}" onto public org.springframework.http.ResponseEntity<org.test.model.Department> org.test.boot.controller.HibernateController.saveDepartment(org.test.model.Department)
13:50:55.791 [main] INFO  o.s.w.s.m.m.a.RequestMappingHandlerMapping - Mapped "{[/hibernate/findallDept],methods=[GET]}" onto public java.lang.Iterable<java.lang.Object> org.test.boot.controller.HibernateController.findAllDepartment()
13:50:55.792 [main] INFO  o.s.w.s.m.m.a.RequestMappingHandlerMapping - Mapped "{[/test/login],methods=[GET]}" onto public org.springframework.web.servlet.ModelAndView org.test.boot.controller.HomeController.getLoginPage(boolean)
13:50:55.793 [main] INFO  o.s.w.s.m.m.a.RequestMappingHandlerMapping - Mapped "{[/test/home],methods=[GET]}" onto public java.lang.String org.test.boot.controller.HomeController.getHomePage()
13:50:55.796 [main] INFO  o.s.w.s.m.m.a.RequestMappingHandlerMapping - Mapped "{[/jpa/save],methods=[GET]}" onto public org.springframework.http.ResponseEntity<org.test.model.Department> org.test.boot.controller.JpaController.saveDepartment()
13:50:55.797 [main] INFO  o.s.w.s.m.m.a.RequestMappingHandlerMapping - Mapped "{[/jpa/list],methods=[GET]}" onto public org.springframework.http.ResponseEntity<java.util.List<org.test.model.Department>> org.test.boot.controller.JpaController.departmentList(java.util.List<org.test.model.Department>)
13:50:55.797 [main] INFO  o.s.w.s.m.m.a.RequestMappingHandlerMapping - Mapped "{[/jpa/update],methods=[GET]}" onto public org.springframework.http.ResponseEntity<java.lang.Long> org.test.boot.controller.JpaController.updateDepartment()
13:50:55.797 [main] INFO  o.s.w.s.m.m.a.RequestMappingHandlerMapping - Mapped "{[/jpa/delete],methods=[GET]}" onto public java.util.Map<java.lang.String, java.lang.String> org.test.boot.controller.JpaController.deleteDepartment() throws org.test.boot.exception.CustomSqlException
13:50:55.798 [main] INFO  o.s.w.s.m.m.a.RequestMappingHandlerMapping - Mapped "{[/jpa/delete/model],methods=[GET]}" onto public java.util.Map<java.lang.String, java.lang.String> org.test.boot.controller.JpaController.deleteDepartmentModel()
13:50:55.803 [main] INFO  o.s.w.s.m.m.a.RequestMappingHandlerMapping - Mapped "{[/error]}" onto public org.springframework.http.ResponseEntity<java.util.Map<java.lang.String, java.lang.Object>> org.springframework.boot.autoconfigure.web.BasicErrorController.error(javax.servlet.http.HttpServletRequest)
13:50:55.835 [main] INFO  o.s.w.s.m.m.a.RequestMappingHandlerMapping - Mapped "{[/error],produces=[text/html]}" onto public org.springframework.web.servlet.ModelAndView org.springframework.boot.autoconfigure.web.BasicErrorController.errorHtml(javax.servlet.http.HttpServletRequest)
13:50:55.910 [main] INFO  o.s.w.s.h.SimpleUrlHandlerMapping - Mapped URL path [/**] onto handler of type [class org.springframework.web.servlet.resource.ResourceHttpRequestHandler]
13:50:55.912 [main] INFO  o.s.w.s.h.SimpleUrlHandlerMapping - Mapped URL path [/webjars/**] onto handler of type [class org.springframework.web.servlet.resource.ResourceHttpRequestHandler]
13:50:55.988 [main] INFO  o.s.w.s.m.m.a.ExceptionHandlerExceptionResolver - Detected @ExceptionHandler methods in bootExceptionHandler
13:50:56.101 [main] INFO  o.s.w.s.h.SimpleUrlHandlerMapping - Mapped URL path [/**/favicon.ico] onto handler of type [class org.springframework.web.servlet.resource.ResourceHttpRequestHandler]
13:50:56.707 [main] INFO  o.s.j.e.a.AnnotationMBeanExporter - Registering beans for JMX exposure on startup
13:50:56.913 [main] INFO  o.a.coyote.http11.Http11NioProtocol - Initializing ProtocolHandler ["http-nio-8080"]
13:50:56.942 [main] INFO  o.a.coyote.http11.Http11NioProtocol - Starting ProtocolHandler ["http-nio-8080"]
13:50:56.961 [main] INFO  o.a.tomcat.util.net.NioSelectorPool - Using a shared selector for servlet write/read
13:50:57.138 [main] INFO  o.s.b.c.e.t.TomcatEmbeddedServletContainer - Tomcat started on port(s): 8080 (http)
13:50:57.149 [main] INFO  org.test.boot.TestBootApplication - Started TestBootApplication in 12.673 seconds (JVM running for 13.643)
